# JRE version: OpenJDK Runtime Environment Temurin-21.0.7+6 (21.0.7+6) (build 21.0.7+6-LTS)
# Java VM: OpenJDK 64-Bit Server VM Temurin-21.0.7+6 (21.0.7+6-LTS, mixed mode, sharing, tiered, compressed oops, compressed class ptrs, parallel gc, windows-amd64)
GC Precious Log:
 CardTable entry size: 512
 CPUs: 16 total, 16 available
 Memory: 14188M
 Large Page Support: Disabled
 NUMA Support: Disabled
 Compressed Oops: Enabled (32-bit)
 Alignments: Space 512K, Generation 512K, Heap 2M
 Heap Min Capacity: 100M
 Heap Initial Capacity: 100M
 Heap Max Capacity: 1G
 Pre-touch: Disabled
 Parallel Workers: 13
Heap:
 PSYoungGen      total 8704K, used 2011K [0x00000000eab00000, 0x00000000eb480000, 0x0000000100000000)
  eden space 7680K, 20% used [0x00000000eab00000,0x00000000eac8ee08,0x00000000eb280000)
  from space 1024K, 40% used [0x00000000eb280000,0x00000000eb2e8000,0x00000000eb380000)
  to   space 1024K, 0% used [0x00000000eb380000,0x00000000eb380000,0x00000000eb480000)
 ParOldGen       total 78848K, used 78601K [0x00000000c0000000, 0x00000000c4d00000, 0x00000000eab00000)
  object space 78848K, 99% used [0x00000000c0000000,0x00000000c4cc2700,0x00000000c4d00000)
 Metaspace       used 73519K, committed 75008K, reserved 1179648K
  class space    used 8748K, committed 9408K, reserved 1048576K
GC Heap History (20 events):
Event: 18.372 GC heap before
{Heap before GC invocations=103 (full 3):
 PSYoungGen      total 8704K, used 8399K [0x00000000eab00000, 0x00000000eb480000, 0x0000000100000000)
  eden space 7680K, 100% used [0x00000000eab00000,0x00000000eb280000,0x00000000eb280000)
  from space 1024K, 70% used [0x00000000eb300000,0x00000000eb3b3eb0,0x00000000eb400000)
  to   space 512K, 0% used [0x00000000eb400000,0x00000000eb400000,0x00000000eb480000)
 ParOldGen       total 75776K, used 75528K [0x00000000c0000000, 0x00000000c4a00000, 0x00000000eab00000)
  object space 75776K, 99% used [0x00000000c0000000,0x00000000c49c2390,0x00000000c4a00000)
 Metaspace       used 69395K, committed 70784K, reserved 1114112K
  class space    used 8160K, committed 8768K, reserved 1048576K
}
Event: 18.372 GC heap after
{Heap after GC invocations=103 (full 3):
 PSYoungGen      total 8192K, used 352K [0x00000000eab00000, 0x00000000eb480000, 0x0000000100000000)
  eden space 7680K, 0% used [0x00000000eab00000,0x00000000eab00000,0x00000000eb280000)
  from space 512K, 68% used [0x00000000eb400000,0x00000000eb458000,0x00000000eb480000)
  to   space 512K, 0% used [0x00000000eb380000,0x00000000eb380000,0x00000000eb400000)
 ParOldGen       total 75776K, used 75608K [0x00000000c0000000, 0x00000000c4a00000, 0x00000000eab00000)
  object space 75776K, 99% used [0x00000000c0000000,0x00000000c49d6390,0x00000000c4a00000)
 Metaspace       used 69395K, committed 70784K, reserved 1114112K
  class space    used 8160K, committed 8768K, reserved 1048576K
}
Event: 18.460 GC heap before
{Heap before GC invocations=104 (full 3):
 PSYoungGen      total 8192K, used 8032K [0x00000000eab00000, 0x00000000eb480000, 0x0000000100000000)
  eden space 7680K, 100% used [0x00000000eab00000,0x00000000eb280000,0x00000000eb280000)
  from space 512K, 68% used [0x00000000eb400000,0x00000000eb458000,0x00000000eb480000)
  to   space 512K, 0% used [0x00000000eb380000,0x00000000eb380000,0x00000000eb400000)
 ParOldGen       total 75776K, used 75608K [0x00000000c0000000, 0x00000000c4a00000, 0x00000000eab00000)
  object space 75776K, 99% used [0x00000000c0000000,0x00000000c49d6390,0x00000000c4a00000)
 Metaspace       used 69396K, committed 70784K, reserved 1114112K
  class space    used 8160K, committed 8768K, reserved 1048576K
}
Event: 18.461 GC heap after
{Heap after GC invocations=104 (full 3):
 PSYoungGen      total 8192K, used 496K [0x00000000eab00000, 0x00000000eb480000, 0x0000000100000000)
  eden space 7680K, 0% used [0x00000000eab00000,0x00000000eab00000,0x00000000eb280000)
  from space 512K, 97% used [0x00000000eb380000,0x00000000eb3fc330,0x00000000eb400000)
  to   space 512K, 0% used [0x00000000eb400000,0x00000000eb400000,0x00000000eb480000)
 ParOldGen       total 76288K, used 75978K [0x00000000c0000000, 0x00000000c4a80000, 0x00000000eab00000)
  object space 76288K, 99% used [0x00000000c0000000,0x00000000c4a32918,0x00000000c4a80000)
 Metaspace       used 69396K, committed 70784K, reserved 1114112K
  class space    used 8160K, committed 8768K, reserved 1048576K
}
Event: 18.525 GC heap before
{Heap before GC invocations=105 (full 3):
 PSYoungGen      total 8192K, used 8176K [0x00000000eab00000, 0x00000000eb480000, 0x0000000100000000)
  eden space 7680K, 100% used [0x00000000eab00000,0x00000000eb280000,0x00000000eb280000)
  from space 512K, 97% used [0x00000000eb380000,0x00000000eb3fc330,0x00000000eb400000)
  to   space 512K, 0% used [0x00000000eb400000,0x00000000eb400000,0x00000000eb480000)
 ParOldGen       total 76288K, used 75978K [0x00000000c0000000, 0x00000000c4a80000, 0x00000000eab00000)
  object space 76288K, 99% used [0x00000000c0000000,0x00000000c4a32918,0x00000000c4a80000)
 Metaspace       used 69396K, committed 70784K, reserved 1114112K
  class space    used 8160K, committed 8768K, reserved 1048576K
}
Event: 18.526 GC heap after
{Heap after GC invocations=105 (full 3):
 PSYoungGen      total 8192K, used 493K [0x00000000eab00000, 0x00000000eb580000, 0x0000000100000000)
  eden space 7680K, 0% used [0x00000000eab00000,0x00000000eab00000,0x00000000eb280000)
  from space 512K, 96% used [0x00000000eb400000,0x00000000eb47b708,0x00000000eb480000)
  to   space 1536K, 0% used [0x00000000eb280000,0x00000000eb280000,0x00000000eb400000)
 ParOldGen       total 76800K, used 76763K [0x00000000c0000000, 0x00000000c4b00000, 0x00000000eab00000)
  object space 76800K, 99% used [0x00000000c0000000,0x00000000c4af6fc8,0x00000000c4b00000)
 Metaspace       used 69396K, committed 70784K, reserved 1114112K
  class space    used 8160K, committed 8768K, reserved 1048576K
}
Event: 18.597 GC heap before
{Heap before GC invocations=106 (full 3):
 PSYoungGen      total 8192K, used 8173K [0x00000000eab00000, 0x00000000eb580000, 0x0000000100000000)
  eden space 7680K, 100% used [0x00000000eab00000,0x00000000eb280000,0x00000000eb280000)
  from space 512K, 96% used [0x00000000eb400000,0x00000000eb47b708,0x00000000eb480000)
  to   space 1536K, 0% used [0x00000000eb280000,0x00000000eb280000,0x00000000eb400000)
 ParOldGen       total 76800K, used 76763K [0x00000000c0000000, 0x00000000c4b00000, 0x00000000eab00000)
  object space 76800K, 99% used [0x00000000c0000000,0x00000000c4af6fc8,0x00000000c4b00000)
 Metaspace       used 69396K, committed 70784K, reserved 1114112K
  class space    used 8160K, committed 8768K, reserved 1048576K
}
Event: 18.598 GC heap after
{Heap after GC invocations=106 (full 3):
 PSYoungGen      total 8192K, used 384K [0x00000000eab00000, 0x00000000eb480000, 0x0000000100000000)
  eden space 7680K, 0% used [0x00000000eab00000,0x00000000eab00000,0x00000000eb280000)
  from space 512K, 75% used [0x00000000eb280000,0x00000000eb2e0000,0x00000000eb300000)
  to   space 1024K, 0% used [0x00000000eb380000,0x00000000eb380000,0x00000000eb480000)
 ParOldGen       total 77312K, used 76858K [0x00000000c0000000, 0x00000000c4b80000, 0x00000000eab00000)
  object space 77312K, 99% used [0x00000000c0000000,0x00000000c4b0e938,0x00000000c4b80000)
 Metaspace       used 69396K, committed 70784K, reserved 1114112K
  class space    used 8160K, committed 8768K, reserved 1048576K
}
Event: 18.706 GC heap before
{Heap before GC invocations=107 (full 3):
 PSYoungGen      total 8192K, used 8064K [0x00000000eab00000, 0x00000000eb480000, 0x0000000100000000)
  eden space 7680K, 100% used [0x00000000eab00000,0x00000000eb280000,0x00000000eb280000)
  from space 512K, 75% used [0x00000000eb280000,0x00000000eb2e0000,0x00000000eb300000)
  to   space 1024K, 0% used [0x00000000eb380000,0x00000000eb380000,0x00000000eb480000)
 ParOldGen       total 77312K, used 76858K [0x00000000c0000000, 0x00000000c4b80000, 0x00000000eab00000)
  object space 77312K, 99% used [0x00000000c0000000,0x00000000c4b0e938,0x00000000c4b80000)
 Metaspace       used 70238K, committed 71680K, reserved 1114112K
  class space    used 8281K, committed 8896K, reserved 1048576K
}
Event: 18.708 GC heap after
{Heap after GC invocations=107 (full 3):
 PSYoungGen      total 8192K, used 448K [0x00000000eab00000, 0x00000000eb400000, 0x0000000100000000)
  eden space 7680K, 0% used [0x00000000eab00000,0x00000000eab00000,0x00000000eb280000)
  from space 512K, 87% used [0x00000000eb380000,0x00000000eb3f0000,0x00000000eb400000)
  to   space 512K, 0% used [0x00000000eb280000,0x00000000eb280000,0x00000000eb300000)
 ParOldGen       total 77312K, used 76970K [0x00000000c0000000, 0x00000000c4b80000, 0x00000000eab00000)
  object space 77312K, 99% used [0x00000000c0000000,0x00000000c4b2a948,0x00000000c4b80000)
 Metaspace       used 70238K, committed 71680K, reserved 1114112K
  class space    used 8281K, committed 8896K, reserved 1048576K
}
Event: 18.775 GC heap before
{Heap before GC invocations=108 (full 3):
 PSYoungGen      total 8192K, used 8128K [0x00000000eab00000, 0x00000000eb400000, 0x0000000100000000)
  eden space 7680K, 100% used [0x00000000eab00000,0x00000000eb280000,0x00000000eb280000)
  from space 512K, 87% used [0x00000000eb380000,0x00000000eb3f0000,0x00000000eb400000)
  to   space 512K, 0% used [0x00000000eb280000,0x00000000eb280000,0x00000000eb300000)
 ParOldGen       total 77312K, used 76970K [0x00000000c0000000, 0x00000000c4b80000, 0x00000000eab00000)
  object space 77312K, 99% used [0x00000000c0000000,0x00000000c4b2a948,0x00000000c4b80000)
 Metaspace       used 70996K, committed 72448K, reserved 1114112K
  class space    used 8398K, committed 9024K, reserved 1048576K
}
Event: 18.776 GC heap after
{Heap after GC invocations=108 (full 3):
 PSYoungGen      total 8192K, used 480K [0x00000000eab00000, 0x00000000eb400000, 0x0000000100000000)
  eden space 7680K, 0% used [0x00000000eab00000,0x00000000eab00000,0x00000000eb280000)
  from space 512K, 93% used [0x00000000eb280000,0x00000000eb2f8000,0x00000000eb300000)
  to   space 512K, 0% used [0x00000000eb380000,0x00000000eb380000,0x00000000eb400000)
 ParOldGen       total 77312K, used 77289K [0x00000000c0000000, 0x00000000c4b80000, 0x00000000eab00000)
  object space 77312K, 99% used [0x00000000c0000000,0x00000000c4b7a658,0x00000000c4b80000)
 Metaspace       used 70996K, committed 72448K, reserved 1114112K
  class space    used 8398K, committed 9024K, reserved 1048576K
}
Event: 18.874 GC heap before
{Heap before GC invocations=109 (full 3):
 PSYoungGen      total 8192K, used 8160K [0x00000000eab00000, 0x00000000eb400000, 0x0000000100000000)
  eden space 7680K, 100% used [0x00000000eab00000,0x00000000eb280000,0x00000000eb280000)
  from space 512K, 93% used [0x00000000eb280000,0x00000000eb2f8000,0x00000000eb300000)
  to   space 512K, 0% used [0x00000000eb380000,0x00000000eb380000,0x00000000eb400000)
 ParOldGen       total 77312K, used 77289K [0x00000000c0000000, 0x00000000c4b80000, 0x00000000eab00000)
  object space 77312K, 99% used [0x00000000c0000000,0x00000000c4b7a658,0x00000000c4b80000)
 Metaspace       used 71870K, committed 73408K, reserved 1114112K
  class space    used 8539K, committed 9216K, reserved 1048576K
}
Event: 18.875 GC heap after
{Heap after GC invocations=109 (full 3):
 PSYoungGen      total 8192K, used 448K [0x00000000eab00000, 0x00000000eb400000, 0x0000000100000000)
  eden space 7680K, 0% used [0x00000000eab00000,0x00000000eab00000,0x00000000eb280000)
  from space 512K, 87% used [0x00000000eb380000,0x00000000eb3f0000,0x00000000eb400000)
  to   space 512K, 0% used [0x00000000eb280000,0x00000000eb280000,0x00000000eb300000)
 ParOldGen       total 77824K, used 77593K [0x00000000c0000000, 0x00000000c4c00000, 0x00000000eab00000)
  object space 77824K, 99% used [0x00000000c0000000,0x00000000c4bc6658,0x00000000c4c00000)
 Metaspace       used 71870K, committed 73408K, reserved 1114112K
  class space    used 8539K, committed 9216K, reserved 1048576K
}
Event: 19.114 GC heap before
{Heap before GC invocations=110 (full 3):
 PSYoungGen      total 8192K, used 8128K [0x00000000eab00000, 0x00000000eb400000, 0x0000000100000000)
  eden space 7680K, 100% used [0x00000000eab00000,0x00000000eb280000,0x00000000eb280000)
  from space 512K, 87% used [0x00000000eb380000,0x00000000eb3f0000,0x00000000eb400000)
  to   space 512K, 0% used [0x00000000eb280000,0x00000000eb280000,0x00000000eb300000)
 ParOldGen       total 77824K, used 77593K [0x00000000c0000000, 0x00000000c4c00000, 0x00000000eab00000)
  object space 77824K, 99% used [0x00000000c0000000,0x00000000c4bc6658,0x00000000c4c00000)
 Metaspace       used 72403K, committed 73920K, reserved 1114112K
  class space    used 8602K, committed 9280K, reserved 1048576K
}
Event: 19.115 GC heap after
{Heap after GC invocations=110 (full 3):
 PSYoungGen      total 8192K, used 416K [0x00000000eab00000, 0x00000000eb400000, 0x0000000100000000)
  eden space 7680K, 0% used [0x00000000eab00000,0x00000000eab00000,0x00000000eb280000)
  from space 512K, 81% used [0x00000000eb280000,0x00000000eb2e8000,0x00000000eb300000)
  to   space 512K, 0% used [0x00000000eb380000,0x00000000eb380000,0x00000000eb400000)
 ParOldGen       total 77824K, used 77809K [0x00000000c0000000, 0x00000000c4c00000, 0x00000000eab00000)
  object space 77824K, 99% used [0x00000000c0000000,0x00000000c4bfc658,0x00000000c4c00000)
 Metaspace       used 72403K, committed 73920K, reserved 1114112K
  class space    used 8602K, committed 9280K, reserved 1048576K
}
Event: 23.257 GC heap before
{Heap before GC invocations=111 (full 3):
 PSYoungGen      total 8192K, used 8096K [0x00000000eab00000, 0x00000000eb400000, 0x0000000100000000)
  eden space 7680K, 100% used [0x00000000eab00000,0x00000000eb280000,0x00000000eb280000)
  from space 512K, 81% used [0x00000000eb280000,0x00000000eb2e8000,0x00000000eb300000)
  to   space 512K, 0% used [0x00000000eb380000,0x00000000eb380000,0x00000000eb400000)
 ParOldGen       total 77824K, used 77809K [0x00000000c0000000, 0x00000000c4c00000, 0x00000000eab00000)
  object space 77824K, 99% used [0x00000000c0000000,0x00000000c4bfc658,0x00000000c4c00000)
 Metaspace       used 73358K, committed 74880K, reserved 1179648K
  class space    used 8740K, committed 9408K, reserved 1048576K
}
Event: 23.258 GC heap after
{Heap after GC invocations=111 (full 3):
 PSYoungGen      total 8192K, used 480K [0x00000000eab00000, 0x00000000eb480000, 0x0000000100000000)
  eden space 7680K, 0% used [0x00000000eab00000,0x00000000eab00000,0x00000000eb280000)
  from space 512K, 93% used [0x00000000eb380000,0x00000000eb3f8010,0x00000000eb400000)
  to   space 1024K, 0% used [0x00000000eb280000,0x00000000eb280000,0x00000000eb380000)
 ParOldGen       total 78336K, used 78113K [0x00000000c0000000, 0x00000000c4c80000, 0x00000000eab00000)
  object space 78336K, 99% used [0x00000000c0000000,0x00000000c4c48668,0x00000000c4c80000)
 Metaspace       used 73358K, committed 74880K, reserved 1179648K
  class space    used 8740K, committed 9408K, reserved 1048576K
}
Event: 23.597 GC heap before
{Heap before GC invocations=112 (full 3):
 PSYoungGen      total 8192K, used 8160K [0x00000000eab00000, 0x00000000eb480000, 0x0000000100000000)
  eden space 7680K, 100% used [0x00000000eab00000,0x00000000eb280000,0x00000000eb280000)
  from space 512K, 93% used [0x00000000eb380000,0x00000000eb3f8010,0x00000000eb400000)
  to   space 1024K, 0% used [0x00000000eb280000,0x00000000eb280000,0x00000000eb380000)
 ParOldGen       total 78336K, used 78113K [0x00000000c0000000, 0x00000000c4c80000, 0x00000000eab00000)
  object space 78336K, 99% used [0x00000000c0000000,0x00000000c4c48668,0x00000000c4c80000)
 Metaspace       used 73517K, committed 75008K, reserved 1179648K
  class space    used 8748K, committed 9408K, reserved 1048576K
}
Event: 23.598 GC heap after
{Heap after GC invocations=112 (full 3):
 PSYoungGen      total 8704K, used 416K [0x00000000eab00000, 0x00000000eb480000, 0x0000000100000000)
  eden space 7680K, 0% used [0x00000000eab00000,0x00000000eab00000,0x00000000eb280000)
  from space 1024K, 40% used [0x00000000eb280000,0x00000000eb2e8000,0x00000000eb380000)
  to   space 1024K, 0% used [0x00000000eb380000,0x00000000eb380000,0x00000000eb480000)
 ParOldGen       total 78848K, used 78601K [0x00000000c0000000, 0x00000000c4d00000, 0x00000000eab00000)
  object space 78848K, 99% used [0x00000000c0000000,0x00000000c4cc2700,0x00000000c4d00000)
 Metaspace       used 73517K, committed 75008K, reserved 1179648K
  class space    used 8748K, committed 9408K, reserved 1048576K
}

