# JRE version: OpenJDK Runtime Environment Temurin-21.0.7+6 (21.0.7+6) (build 21.0.7+6-LTS)
# Java VM: OpenJDK 64-Bit Server VM Temurin-21.0.7+6 (21.0.7+6-LTS, mixed mode, sharing, tiered, compressed oops, compressed class ptrs, parallel gc, windows-amd64)
GC Precious Log:
 CardTable entry size: 512
 CPUs: 16 total, 16 available
 Memory: 14188M
 Large Page Support: Disabled
 NUMA Support: Disabled
 Compressed Oops: Enabled (32-bit)
 Alignments: Space 512K, Generation 512K, Heap 2M
 Heap Min Capacity: 100M
 Heap Initial Capacity: 100M
 Heap Max Capacity: 1G
 Pre-touch: Disabled
 Parallel Workers: 13
Heap:
 PSYoungGen      total 18944K, used 14521K [0x00000000eab00000, 0x00000000ec400000, 0x0000000100000000)
  eden space 14848K, 94% used [0x00000000eab00000,0x00000000eb8ae548,0x00000000eb980000)
  from space 4096K, 12% used [0x00000000ebc80000,0x00000000ebd00000,0x00000000ec080000)
  to   space 1536K, 0% used [0x00000000ec280000,0x00000000ec280000,0x00000000ec400000)
 ParOldGen       total 68608K, used 54886K [0x00000000c0000000, 0x00000000c4300000, 0x00000000eab00000)
  object space 68608K, 79% used [0x00000000c0000000,0x00000000c3599970,0x00000000c4300000)
 Metaspace       used 52052K, committed 53184K, reserved 1114112K
  class space    used 5676K, committed 6208K, reserved 1048576K
GC Heap History (20 events):
Event: 22.610 GC heap before
{Heap before GC invocations=32 (full 2):
 PSYoungGen      total 16384K, used 16000K [0x00000000eab00000, 0x00000000ebc80000, 0x0000000100000000)
  eden space 14848K, 100% used [0x00000000eab00000,0x00000000eb980000,0x00000000eb980000)
  from space 1536K, 75% used [0x00000000eb980000,0x00000000ebaa0000,0x00000000ebb00000)
  to   space 1536K, 0% used [0x00000000ebb00000,0x00000000ebb00000,0x00000000ebc80000)
 ParOldGen       total 68608K, used 41923K [0x00000000c0000000, 0x00000000c4300000, 0x00000000eab00000)
  object space 68608K, 61% used [0x00000000c0000000,0x00000000c28f0d20,0x00000000c4300000)
 Metaspace       used 45602K, committed 46656K, reserved 1114112K
  class space    used 4760K, committed 5184K, reserved 1048576K
}
Event: 22.612 GC heap after
{Heap after GC invocations=32 (full 2):
 PSYoungGen      total 16384K, used 1120K [0x00000000eab00000, 0x00000000ebc80000, 0x0000000100000000)
  eden space 14848K, 0% used [0x00000000eab00000,0x00000000eab00000,0x00000000eb980000)
  from space 1536K, 72% used [0x00000000ebb00000,0x00000000ebc18000,0x00000000ebc80000)
  to   space 1536K, 0% used [0x00000000eb980000,0x00000000eb980000,0x00000000ebb00000)
 ParOldGen       total 68608K, used 42859K [0x00000000c0000000, 0x00000000c4300000, 0x00000000eab00000)
  object space 68608K, 62% used [0x00000000c0000000,0x00000000c29dad40,0x00000000c4300000)
 Metaspace       used 45602K, committed 46656K, reserved 1114112K
  class space    used 4760K, committed 5184K, reserved 1048576K
}
Event: 23.619 GC heap before
{Heap before GC invocations=33 (full 2):
 PSYoungGen      total 16384K, used 15968K [0x00000000eab00000, 0x00000000ebc80000, 0x0000000100000000)
  eden space 14848K, 100% used [0x00000000eab00000,0x00000000eb980000,0x00000000eb980000)
  from space 1536K, 72% used [0x00000000ebb00000,0x00000000ebc18000,0x00000000ebc80000)
  to   space 1536K, 0% used [0x00000000eb980000,0x00000000eb980000,0x00000000ebb00000)
 ParOldGen       total 68608K, used 42859K [0x00000000c0000000, 0x00000000c4300000, 0x00000000eab00000)
  object space 68608K, 62% used [0x00000000c0000000,0x00000000c29dad40,0x00000000c4300000)
 Metaspace       used 46806K, committed 47936K, reserved 1114112K
  class space    used 4888K, committed 5376K, reserved 1048576K
}
Event: 23.621 GC heap after
{Heap after GC invocations=33 (full 2):
 PSYoungGen      total 15872K, used 928K [0x00000000eab00000, 0x00000000ebb80000, 0x0000000100000000)
  eden space 14848K, 0% used [0x00000000eab00000,0x00000000eab00000,0x00000000eb980000)
  from space 1024K, 90% used [0x00000000eb980000,0x00000000eba68000,0x00000000eba80000)
  to   space 1024K, 0% used [0x00000000eba80000,0x00000000eba80000,0x00000000ebb80000)
 ParOldGen       total 68608K, used 43743K [0x00000000c0000000, 0x00000000c4300000, 0x00000000eab00000)
  object space 68608K, 63% used [0x00000000c0000000,0x00000000c2ab7d50,0x00000000c4300000)
 Metaspace       used 46806K, committed 47936K, reserved 1114112K
  class space    used 4888K, committed 5376K, reserved 1048576K
}
Event: 23.837 GC heap before
{Heap before GC invocations=34 (full 2):
 PSYoungGen      total 15872K, used 15771K [0x00000000eab00000, 0x00000000ebb80000, 0x0000000100000000)
  eden space 14848K, 99% used [0x00000000eab00000,0x00000000eb97efd0,0x00000000eb980000)
  from space 1024K, 90% used [0x00000000eb980000,0x00000000eba68000,0x00000000eba80000)
  to   space 1024K, 0% used [0x00000000eba80000,0x00000000eba80000,0x00000000ebb80000)
 ParOldGen       total 68608K, used 43743K [0x00000000c0000000, 0x00000000c4300000, 0x00000000eab00000)
  object space 68608K, 63% used [0x00000000c0000000,0x00000000c2ab7d50,0x00000000c4300000)
 Metaspace       used 47640K, committed 48832K, reserved 1114112K
  class space    used 4980K, committed 5504K, reserved 1048576K
}
Event: 23.838 GC heap after
{Heap after GC invocations=34 (full 2):
 PSYoungGen      total 15872K, used 882K [0x00000000eab00000, 0x00000000ebb80000, 0x0000000100000000)
  eden space 14848K, 0% used [0x00000000eab00000,0x00000000eab00000,0x00000000eb980000)
  from space 1024K, 86% used [0x00000000eba80000,0x00000000ebb5c9a8,0x00000000ebb80000)
  to   space 1024K, 0% used [0x00000000eb980000,0x00000000eb980000,0x00000000eba80000)
 ParOldGen       total 68608K, used 44491K [0x00000000c0000000, 0x00000000c4300000, 0x00000000eab00000)
  object space 68608K, 64% used [0x00000000c0000000,0x00000000c2b72c68,0x00000000c4300000)
 Metaspace       used 47640K, committed 48832K, reserved 1114112K
  class space    used 4980K, committed 5504K, reserved 1048576K
}
Event: 25.579 GC heap before
{Heap before GC invocations=35 (full 2):
 PSYoungGen      total 15872K, used 15730K [0x00000000eab00000, 0x00000000ebb80000, 0x0000000100000000)
  eden space 14848K, 100% used [0x00000000eab00000,0x00000000eb980000,0x00000000eb980000)
  from space 1024K, 86% used [0x00000000eba80000,0x00000000ebb5c9a8,0x00000000ebb80000)
  to   space 1024K, 0% used [0x00000000eb980000,0x00000000eb980000,0x00000000eba80000)
 ParOldGen       total 68608K, used 44491K [0x00000000c0000000, 0x00000000c4300000, 0x00000000eab00000)
  object space 68608K, 64% used [0x00000000c0000000,0x00000000c2b72c68,0x00000000c4300000)
 Metaspace       used 48038K, committed 49152K, reserved 1114112K
  class space    used 5011K, committed 5504K, reserved 1048576K
}
Event: 25.579 GC heap after
{Heap after GC invocations=35 (full 2):
 PSYoungGen      total 15872K, used 384K [0x00000000eab00000, 0x00000000ebb80000, 0x0000000100000000)
  eden space 14848K, 0% used [0x00000000eab00000,0x00000000eab00000,0x00000000eb980000)
  from space 1024K, 37% used [0x00000000eb980000,0x00000000eb9e0000,0x00000000eba80000)
  to   space 1024K, 0% used [0x00000000eba80000,0x00000000eba80000,0x00000000ebb80000)
 ParOldGen       total 68608K, used 45114K [0x00000000c0000000, 0x00000000c4300000, 0x00000000eab00000)
  object space 68608K, 65% used [0x00000000c0000000,0x00000000c2c0e908,0x00000000c4300000)
 Metaspace       used 48038K, committed 49152K, reserved 1114112K
  class space    used 5011K, committed 5504K, reserved 1048576K
}
Event: 27.388 GC heap before
{Heap before GC invocations=36 (full 2):
 PSYoungGen      total 15872K, used 15232K [0x00000000eab00000, 0x00000000ebb80000, 0x0000000100000000)
  eden space 14848K, 100% used [0x00000000eab00000,0x00000000eb980000,0x00000000eb980000)
  from space 1024K, 37% used [0x00000000eb980000,0x00000000eb9e0000,0x00000000eba80000)
  to   space 1024K, 0% used [0x00000000eba80000,0x00000000eba80000,0x00000000ebb80000)
 ParOldGen       total 68608K, used 45114K [0x00000000c0000000, 0x00000000c4300000, 0x00000000eab00000)
  object space 68608K, 65% used [0x00000000c0000000,0x00000000c2c0e908,0x00000000c4300000)
 Metaspace       used 48051K, committed 49152K, reserved 1114112K
  class space    used 5013K, committed 5504K, reserved 1048576K
}
Event: 27.389 GC heap after
{Heap after GC invocations=36 (full 2):
 PSYoungGen      total 15360K, used 256K [0x00000000eab00000, 0x00000000ebb00000, 0x0000000100000000)
  eden space 14848K, 0% used [0x00000000eab00000,0x00000000eab00000,0x00000000eb980000)
  from space 512K, 50% used [0x00000000eba80000,0x00000000ebac0000,0x00000000ebb00000)
  to   space 512K, 0% used [0x00000000eba00000,0x00000000eba00000,0x00000000eba80000)
 ParOldGen       total 68608K, used 45226K [0x00000000c0000000, 0x00000000c4300000, 0x00000000eab00000)
  object space 68608K, 65% used [0x00000000c0000000,0x00000000c2c2a908,0x00000000c4300000)
 Metaspace       used 48051K, committed 49152K, reserved 1114112K
  class space    used 5013K, committed 5504K, reserved 1048576K
}
Event: 29.047 GC heap before
{Heap before GC invocations=37 (full 2):
 PSYoungGen      total 15360K, used 15104K [0x00000000eab00000, 0x00000000ebb00000, 0x0000000100000000)
  eden space 14848K, 100% used [0x00000000eab00000,0x00000000eb980000,0x00000000eb980000)
  from space 512K, 50% used [0x00000000eba80000,0x00000000ebac0000,0x00000000ebb00000)
  to   space 512K, 0% used [0x00000000eba00000,0x00000000eba00000,0x00000000eba80000)
 ParOldGen       total 68608K, used 45226K [0x00000000c0000000, 0x00000000c4300000, 0x00000000eab00000)
  object space 68608K, 65% used [0x00000000c0000000,0x00000000c2c2a908,0x00000000c4300000)
 Metaspace       used 48303K, committed 49472K, reserved 1114112K
  class space    used 5056K, committed 5568K, reserved 1048576K
}
Event: 29.048 GC heap after
{Heap after GC invocations=37 (full 2):
 PSYoungGen      total 15360K, used 384K [0x00000000eab00000, 0x00000000ebb00000, 0x0000000100000000)
  eden space 14848K, 0% used [0x00000000eab00000,0x00000000eab00000,0x00000000eb980000)
  from space 512K, 75% used [0x00000000eba00000,0x00000000eba60000,0x00000000eba80000)
  to   space 512K, 0% used [0x00000000eba80000,0x00000000eba80000,0x00000000ebb00000)
 ParOldGen       total 68608K, used 45290K [0x00000000c0000000, 0x00000000c4300000, 0x00000000eab00000)
  object space 68608K, 66% used [0x00000000c0000000,0x00000000c2c3a908,0x00000000c4300000)
 Metaspace       used 48303K, committed 49472K, reserved 1114112K
  class space    used 5056K, committed 5568K, reserved 1048576K
}
Event: 29.328 GC heap before
{Heap before GC invocations=38 (full 2):
 PSYoungGen      total 15360K, used 15205K [0x00000000eab00000, 0x00000000ebb00000, 0x0000000100000000)
  eden space 14848K, 99% used [0x00000000eab00000,0x00000000eb9795d0,0x00000000eb980000)
  from space 512K, 75% used [0x00000000eba00000,0x00000000eba60000,0x00000000eba80000)
  to   space 512K, 0% used [0x00000000eba80000,0x00000000eba80000,0x00000000ebb00000)
 ParOldGen       total 68608K, used 45290K [0x00000000c0000000, 0x00000000c4300000, 0x00000000eab00000)
  object space 68608K, 66% used [0x00000000c0000000,0x00000000c2c3a908,0x00000000c4300000)
 Metaspace       used 49880K, committed 51008K, reserved 1114112K
  class space    used 5309K, committed 5824K, reserved 1048576K
}
Event: 29.329 GC heap after
{Heap after GC invocations=38 (full 2):
 PSYoungGen      total 15360K, used 486K [0x00000000eab00000, 0x00000000ebb80000, 0x0000000100000000)
  eden space 14848K, 0% used [0x00000000eab00000,0x00000000eab00000,0x00000000eb980000)
  from space 512K, 95% used [0x00000000eba80000,0x00000000ebaf99a8,0x00000000ebb00000)
  to   space 1024K, 0% used [0x00000000eb980000,0x00000000eb980000,0x00000000eba80000)
 ParOldGen       total 68608K, used 45690K [0x00000000c0000000, 0x00000000c4300000, 0x00000000eab00000)
  object space 68608K, 66% used [0x00000000c0000000,0x00000000c2c9ea90,0x00000000c4300000)
 Metaspace       used 49880K, committed 51008K, reserved 1114112K
  class space    used 5309K, committed 5824K, reserved 1048576K
}
Event: 29.538 GC heap before
{Heap before GC invocations=39 (full 2):
 PSYoungGen      total 15360K, used 15334K [0x00000000eab00000, 0x00000000ebb80000, 0x0000000100000000)
  eden space 14848K, 100% used [0x00000000eab00000,0x00000000eb980000,0x00000000eb980000)
  from space 512K, 95% used [0x00000000eba80000,0x00000000ebaf99a8,0x00000000ebb00000)
  to   space 1024K, 0% used [0x00000000eb980000,0x00000000eb980000,0x00000000eba80000)
 ParOldGen       total 68608K, used 45690K [0x00000000c0000000, 0x00000000c4300000, 0x00000000eab00000)
  object space 68608K, 66% used [0x00000000c0000000,0x00000000c2c9ea90,0x00000000c4300000)
 Metaspace       used 50454K, committed 51648K, reserved 1114112K
  class space    used 5413K, committed 5952K, reserved 1048576K
}
Event: 29.542 GC heap after
{Heap after GC invocations=39 (full 2):
 PSYoungGen      total 15872K, used 1018K [0x00000000eab00000, 0x00000000ecd80000, 0x0000000100000000)
  eden space 14848K, 0% used [0x00000000eab00000,0x00000000eab00000,0x00000000eb980000)
  from space 1024K, 99% used [0x00000000eb980000,0x00000000eba7eb68,0x00000000eba80000)
  to   space 10240K, 0% used [0x00000000ec380000,0x00000000ec380000,0x00000000ecd80000)
 ParOldGen       total 68608K, used 53237K [0x00000000c0000000, 0x00000000c4300000, 0x00000000eab00000)
  object space 68608K, 77% used [0x00000000c0000000,0x00000000c33fd5c0,0x00000000c4300000)
 Metaspace       used 50454K, committed 51648K, reserved 1114112K
  class space    used 5413K, committed 5952K, reserved 1048576K
}
Event: 29.805 GC heap before
{Heap before GC invocations=40 (full 2):
 PSYoungGen      total 15872K, used 15866K [0x00000000eab00000, 0x00000000ecd80000, 0x0000000100000000)
  eden space 14848K, 100% used [0x00000000eab00000,0x00000000eb980000,0x00000000eb980000)
  from space 1024K, 99% used [0x00000000eb980000,0x00000000eba7eb68,0x00000000eba80000)
  to   space 10240K, 0% used [0x00000000ec380000,0x00000000ec380000,0x00000000ecd80000)
 ParOldGen       total 68608K, used 53237K [0x00000000c0000000, 0x00000000c4300000, 0x00000000eab00000)
  object space 68608K, 77% used [0x00000000c0000000,0x00000000c33fd5c0,0x00000000c4300000)
 Metaspace       used 51532K, committed 52672K, reserved 1114112K
  class space    used 5613K, committed 6144K, reserved 1048576K
}
Event: 29.807 GC heap after
{Heap after GC invocations=40 (full 2):
 PSYoungGen      total 15872K, used 800K [0x00000000eab00000, 0x00000000ec480000, 0x0000000100000000)
  eden space 14848K, 0% used [0x00000000eab00000,0x00000000eab00000,0x00000000eb980000)
  from space 1024K, 78% used [0x00000000ec380000,0x00000000ec448000,0x00000000ec480000)
  to   space 4096K, 0% used [0x00000000ebc80000,0x00000000ebc80000,0x00000000ec080000)
 ParOldGen       total 68608K, used 54258K [0x00000000c0000000, 0x00000000c4300000, 0x00000000eab00000)
  object space 68608K, 79% used [0x00000000c0000000,0x00000000c34fc950,0x00000000c4300000)
 Metaspace       used 51532K, committed 52672K, reserved 1114112K
  class space    used 5613K, committed 6144K, reserved 1048576K
}
Event: 30.024 GC heap before
{Heap before GC invocations=41 (full 2):
 PSYoungGen      total 15872K, used 15648K [0x00000000eab00000, 0x00000000ec480000, 0x0000000100000000)
  eden space 14848K, 100% used [0x00000000eab00000,0x00000000eb980000,0x00000000eb980000)
  from space 1024K, 78% used [0x00000000ec380000,0x00000000ec448000,0x00000000ec480000)
  to   space 4096K, 0% used [0x00000000ebc80000,0x00000000ebc80000,0x00000000ec080000)
 ParOldGen       total 68608K, used 54258K [0x00000000c0000000, 0x00000000c4300000, 0x00000000eab00000)
  object space 68608K, 79% used [0x00000000c0000000,0x00000000c34fc950,0x00000000c4300000)
 Metaspace       used 52029K, committed 53184K, reserved 1114112K
  class space    used 5675K, committed 6208K, reserved 1048576K
}
Event: 30.025 GC heap after
{Heap after GC invocations=41 (full 2):
 PSYoungGen      total 18944K, used 512K [0x00000000eab00000, 0x00000000ec400000, 0x0000000100000000)
  eden space 14848K, 0% used [0x00000000eab00000,0x00000000eab00000,0x00000000eb980000)
  from space 4096K, 12% used [0x00000000ebc80000,0x00000000ebd00000,0x00000000ec080000)
  to   space 1536K, 0% used [0x00000000ec280000,0x00000000ec280000,0x00000000ec400000)
 ParOldGen       total 68608K, used 54886K [0x00000000c0000000, 0x00000000c4300000, 0x00000000eab00000)
  object space 68608K, 79% used [0x00000000c0000000,0x00000000c3599970,0x00000000c4300000)
 Metaspace       used 52029K, committed 53184K, reserved 1114112K
  class space    used 5675K, committed 6208K, reserved 1048576K
}

