# JRE version: OpenJDK Runtime Environment (17.0+35) (build 17+35-2724)
# Java VM: OpenJDK 64-Bit Server VM (17+35-2724, mixed mode, sharing, tiered, compressed oops, compressed class ptrs, g1 gc, windows-amd64)
GC Precious Log:
 CPUs: 16 total, 16 available
 Memory: 14188M
 Large Page Support: Disabled
 NUMA Support: Disabled
 Compressed Oops: Enabled (32-bit)
 Heap Region Size: 1M
 Heap Min Capacity: 256M
 Heap Initial Capacity: 256M
 Heap Max Capacity: 512M
 Pre-touch: Disabled
 Parallel Workers: 13
 Concurrent Workers: 3
 Concurrent Refinement Workers: 13
 Periodic GC: Disabled
Heap:
 garbage-first heap   total 276480K, used 195764K [0x00000000e0000000, 0x0000000100000000)
  region size 1024K, 44 young (45056K), 4 survivors (4096K)
 Metaspace       used 84068K, committed 85120K, reserved 389120K
  class space    used 11417K, committed 11904K, reserved 315392K
GC Heap History (20 events):
Event: 46.642 GC heap before
{Heap before GC invocations=22 (full 0):
 garbage-first heap   total 262144K, used 216275K [0x00000000e0000000, 0x0000000100000000)
  region size 1024K, 77 young (78848K), 2 survivors (2048K)
 Metaspace       used 79899K, committed 80768K, reserved 389120K
  class space    used 10893K, committed 11328K, reserved 315392K
}
Event: 46.645 GC heap after
{Heap after GC invocations=23 (full 0):
 garbage-first heap   total 262144K, used 145217K [0x00000000e0000000, 0x0000000100000000)
  region size 1024K, 8 young (8192K), 8 survivors (8192K)
 Metaspace       used 79899K, committed 80768K, reserved 389120K
  class space    used 10893K, committed 11328K, reserved 315392K
}
Event: 46.861 GC heap before
{Heap before GC invocations=24 (full 0):
 garbage-first heap   total 262144K, used 213825K [0x00000000e0000000, 0x0000000100000000)
  region size 1024K, 77 young (78848K), 8 survivors (8192K)
 Metaspace       used 80009K, committed 80960K, reserved 389120K
  class space    used 10893K, committed 11328K, reserved 315392K
}
Event: 46.864 GC heap after
{Heap after GC invocations=25 (full 0):
 garbage-first heap   total 262144K, used 150205K [0x00000000e0000000, 0x0000000100000000)
  region size 1024K, 6 young (6144K), 6 survivors (6144K)
 Metaspace       used 80009K, committed 80960K, reserved 389120K
  class space    used 10893K, committed 11328K, reserved 315392K
}
Event: 46.885 GC heap before
{Heap before GC invocations=25 (full 0):
 garbage-first heap   total 262144K, used 155325K [0x00000000e0000000, 0x0000000100000000)
  region size 1024K, 12 young (12288K), 6 survivors (6144K)
 Metaspace       used 80009K, committed 80960K, reserved 389120K
  class space    used 10893K, committed 11328K, reserved 315392K
}
Event: 46.887 GC heap after
{Heap after GC invocations=26 (full 0):
 garbage-first heap   total 262144K, used 146870K [0x00000000e0000000, 0x0000000100000000)
  region size 1024K, 2 young (2048K), 2 survivors (2048K)
 Metaspace       used 80009K, committed 80960K, reserved 389120K
  class space    used 10893K, committed 11328K, reserved 315392K
}
Event: 82.637 GC heap before
{Heap before GC invocations=26 (full 0):
 garbage-first heap   total 262144K, used 216502K [0x00000000e0000000, 0x0000000100000000)
  region size 1024K, 71 young (72704K), 2 survivors (2048K)
 Metaspace       used 80405K, committed 81344K, reserved 389120K
  class space    used 10931K, committed 11392K, reserved 315392K
}
Event: 82.642 GC heap after
{Heap after GC invocations=27 (full 0):
 garbage-first heap   total 262144K, used 152071K [0x00000000e0000000, 0x0000000100000000)
  region size 1024K, 7 young (7168K), 7 survivors (7168K)
 Metaspace       used 80405K, committed 81344K, reserved 389120K
  class space    used 10931K, committed 11392K, reserved 315392K
}
Event: 83.560 GC heap before
{Heap before GC invocations=27 (full 0):
 garbage-first heap   total 262144K, used 216583K [0x00000000e0000000, 0x0000000100000000)
  region size 1024K, 71 young (72704K), 7 survivors (7168K)
 Metaspace       used 80982K, committed 81920K, reserved 389120K
  class space    used 11008K, committed 11456K, reserved 315392K
}
Event: 83.565 GC heap after
{Heap after GC invocations=28 (full 0):
 garbage-first heap   total 262144K, used 158103K [0x00000000e0000000, 0x0000000100000000)
  region size 1024K, 7 young (7168K), 7 survivors (7168K)
 Metaspace       used 80982K, committed 81920K, reserved 389120K
  class space    used 11008K, committed 11456K, reserved 315392K
}
Event: 84.086 GC heap before
{Heap before GC invocations=28 (full 0):
 garbage-first heap   total 262144K, used 216471K [0x00000000e0000000, 0x0000000100000000)
  region size 1024K, 65 young (66560K), 7 survivors (7168K)
 Metaspace       used 83407K, committed 84480K, reserved 389120K
  class space    used 11324K, committed 11840K, reserved 315392K
}
Event: 84.090 GC heap after
{Heap after GC invocations=29 (full 0):
 garbage-first heap   total 262144K, used 165099K [0x00000000e0000000, 0x0000000100000000)
  region size 1024K, 8 young (8192K), 8 survivors (8192K)
 Metaspace       used 83407K, committed 84480K, reserved 389120K
  class space    used 11324K, committed 11840K, reserved 315392K
}
Event: 84.402 GC heap before
{Heap before GC invocations=30 (full 0):
 garbage-first heap   total 276480K, used 210155K [0x00000000e0000000, 0x0000000100000000)
  region size 1024K, 59 young (60416K), 8 survivors (8192K)
 Metaspace       used 83415K, committed 84480K, reserved 389120K
  class space    used 11322K, committed 11840K, reserved 315392K
}
Event: 84.408 GC heap after
{Heap after GC invocations=31 (full 0):
 garbage-first heap   total 276480K, used 162720K [0x00000000e0000000, 0x0000000100000000)
  region size 1024K, 6 young (6144K), 6 survivors (6144K)
 Metaspace       used 83415K, committed 84480K, reserved 389120K
  class space    used 11322K, committed 11840K, reserved 315392K
}
Event: 84.453 GC heap before
{Heap before GC invocations=31 (full 0):
 garbage-first heap   total 276480K, used 169888K [0x00000000e0000000, 0x0000000100000000)
  region size 1024K, 13 young (13312K), 6 survivors (6144K)
 Metaspace       used 83415K, committed 84480K, reserved 389120K
  class space    used 11322K, committed 11840K, reserved 315392K
}
Event: 84.457 GC heap after
{Heap after GC invocations=32 (full 0):
 garbage-first heap   total 276480K, used 145194K [0x00000000e0000000, 0x0000000100000000)
  region size 1024K, 2 young (2048K), 2 survivors (2048K)
 Metaspace       used 83415K, committed 84480K, reserved 389120K
  class space    used 11322K, committed 11840K, reserved 315392K
}
Event: 85.279 GC heap before
{Heap before GC invocations=32 (full 0):
 garbage-first heap   total 276480K, used 225066K [0x00000000e0000000, 0x0000000100000000)
  region size 1024K, 80 young (81920K), 2 survivors (2048K)
 Metaspace       used 83451K, committed 84480K, reserved 389120K
  class space    used 11322K, committed 11840K, reserved 315392K
}
Event: 85.284 GC heap after
{Heap after GC invocations=33 (full 0):
 garbage-first heap   total 276480K, used 152043K [0x00000000e0000000, 0x0000000100000000)
  region size 1024K, 8 young (8192K), 8 survivors (8192K)
 Metaspace       used 83451K, committed 84480K, reserved 389120K
  class space    used 11322K, committed 11840K, reserved 315392K
}
Event: 85.939 GC heap before
{Heap before GC invocations=33 (full 0):
 garbage-first heap   total 276480K, used 226795K [0x00000000e0000000, 0x0000000100000000)
  region size 1024K, 82 young (83968K), 8 survivors (8192K)
 Metaspace       used 83519K, committed 84608K, reserved 389120K
  class space    used 11333K, committed 11840K, reserved 315392K
}
Event: 85.943 GC heap after
{Heap after GC invocations=34 (full 0):
 garbage-first heap   total 276480K, used 155828K [0x00000000e0000000, 0x0000000100000000)
  region size 1024K, 4 young (4096K), 4 survivors (4096K)
 Metaspace       used 83519K, committed 84608K, reserved 389120K
  class space    used 11333K, committed 11840K, reserved 315392K
}

